<?xml version="1.0" encoding="UTF-8"?>
<!-- Generated by org.testng.reporters.JUnitXMLReporter -->
<testsuite ignored="0" hostname="DESKTOP-3DGVOQP" failures="0" tests="14" name="Regression with chrome" time="3.363" errors="0" timestamp="2023-11-29T22:59:39 ICT">
  <testcase classname="testsuite.editProject" name="editProjectSuccessfully" time="0.0">
    <skipped/>
  </testcase> <!-- editProjectSuccessfully -->
  <testcase classname="testsuite.deleteProject" name="deleteProjectSuccessfully" time="0.0">
    <skipped/>
  </testcase> <!-- deleteProjectSuccessfully -->
  <testcase classname="testsuite.screen" name="hideClient" time="0.0">
    <skipped/>
  </testcase> <!-- hideClient -->
  <testcase classname="testsuite.screen" name="hideClientPriceStartdate" time="0.0">
    <skipped/>
  </testcase> <!-- hideClientPriceStartdate -->
  <testcase classname="testsuite.filterProject" name="filterCompletedProductBySelectBox" time="0.0">
    <skipped/>
  </testcase> <!-- filterCompletedProductBySelectBox -->
  <testcase classname="testsuite.filterProject" name="filterLableHighPriorityProductBySelectBox" time="0.0">
    <skipped/>
  </testcase> <!-- filterLableHighPriorityProductBySelectBox -->
  <testcase classname="testsuite.filterProject" name="filterOpenProductBySelectBox" time="0.0">
    <skipped/>
  </testcase> <!-- filterOpenProductBySelectBox -->
  <testcase classname="testsuite.filterProject" name="filterUpcomingProductBySelectBox" time="0.0">
    <skipped/>
  </testcase> <!-- filterUpcomingProductBySelectBox -->
  <testcase classname="testsuite.filterProject" name="filterCompletedProductByButton" time="0.0">
    <skipped/>
  </testcase> <!-- filterCompletedProductByButton -->
  <testcase classname="testsuite.filterProject" name="filterHighPriorityProductByButton" time="0.0">
    <skipped/>
  </testcase> <!-- filterHighPriorityProductByButton -->
  <testcase classname="testsuite.filterProject" name="filterOpenProductByButton" time="0.0">
    <skipped/>
  </testcase> <!-- filterOpenProductByButton -->
  <testcase classname="testsuite.filterProject" name="filterUpcomingProductByButton" time="0.0">
    <skipped/>
  </testcase> <!-- filterUpcomingProductByButton -->
  <testcase classname="testsuite.filterProject" name="filterManyConditionsProductByFilterForm" time="0.0">
    <skipped/>
  </testcase> <!-- filterManyConditionsProductByFilterForm -->
  <testcase classname="testsuite.filterProject" name="clearFilterProductBy" time="0.0">
    <skipped/>
  </testcase> <!-- clearFilterProductBy -->
</testsuite> <!-- Regression with chrome -->
