<?xml version="1.0" encoding="UTF-8"?>
<!-- Generated by org.testng.reporters.JUnitXMLReporter -->
<testsuite ignored="0" hostname="DESKTOP-3DGVOQP" failures="4" tests="14" name="Regression with edge" time="14.731" errors="0" timestamp="2023-11-29T22:59:36 ICT">
  <testcase classname="testsuite.editProject" name="editProjectSuccessfully" time="0.009">
    <failure type="org.openqa.selenium.NoSuchWindowException" message="no such window: target window already closed
from unknown error: web view not found
  (Session info: MicrosoftEdge=119.0.2151.93)
Build info: version: &amp;apos;4.10.0&amp;apos;, revision: &amp;apos;c14d967899&amp;apos;
System info: os.name: &amp;apos;Windows 10&amp;apos;, os.arch: &amp;apos;amd64&amp;apos;, os.version: &amp;apos;10.0&amp;apos;, java.version: &amp;apos;17.0.8.1&amp;apos;
Driver info: org.openqa.selenium.edge.EdgeDriver
Command: [5ee19d8ed7d033a18498ec01823d70e8, findElement {using=id, value=email}]
Capabilities {acceptInsecureCerts: false, browserName: msedge, browserVersion: 119.0.2151.93, fedcm:accounts: true, ms:edgeOptions: {debuggerAddress: localhost:56908}, msedge: {msedgedriverVersion: 119.0.2151.58 (33e26e7eb4fb..., userDataDir: C:\Users\dinhh\AppData\Loca...}, networkConnectionEnabled: false, pageLoadStrategy: normal, platformName: windows, proxy: Proxy(), se:cdp: ws://localhost:56908/devtoo..., se:cdpVersion: 119.0.2151.93, setWindowRect: true, strictFileInteractability: false, timeouts: {implicit: 0, pageLoad: 300000, script: 30000}, unhandledPromptBehavior: dismiss and notify, webauthn:extension:credBlob: true, webauthn:extension:largeBlob: true, webauthn:extension:minPinLength: true, webauthn:extension:prf: true, webauthn:virtualAuthenticators: true}
Session ID: 5ee19d8ed7d033a18498ec01823d70e8">
      <![CDATA[org.openqa.selenium.NoSuchWindowException: no such window: target window already closed
from unknown error: web view not found
  (Session info: MicrosoftEdge=119.0.2151.93)
Build info: version: '4.10.0', revision: 'c14d967899'
System info: os.name: 'Windows 10', os.arch: 'amd64', os.version: '10.0', java.version: '17.0.8.1'
Driver info: org.openqa.selenium.edge.EdgeDriver
Command: [5ee19d8ed7d033a18498ec01823d70e8, findElement {using=id, value=email}]
Capabilities {acceptInsecureCerts: false, browserName: msedge, browserVersion: 119.0.2151.93, fedcm:accounts: true, ms:edgeOptions: {debuggerAddress: localhost:56908}, msedge: {msedgedriverVersion: 119.0.2151.58 (33e26e7eb4fb..., userDataDir: C:\Users\dinhh\AppData\Loca...}, networkConnectionEnabled: false, pageLoadStrategy: normal, platformName: windows, proxy: Proxy(), se:cdp: ws://localhost:56908/devtoo..., se:cdpVersion: 119.0.2151.93, setWindowRect: true, strictFileInteractability: false, timeouts: {implicit: 0, pageLoad: 300000, script: 30000}, unhandledPromptBehavior: dismiss and notify, webauthn:extension:credBlob: true, webauthn:extension:largeBlob: true, webauthn:extension:minPinLength: true, webauthn:extension:prf: true, webauthn:virtualAuthenticators: true}
Session ID: 5ee19d8ed7d033a18498ec01823d70e8
at org.openqa.selenium.remote.codec.w3c.W3CHttpResponseCodec.createException(W3CHttpResponseCodec.java:199)
at org.openqa.selenium.remote.codec.w3c.W3CHttpResponseCodec.decode(W3CHttpResponseCodec.java:132)
at org.openqa.selenium.remote.codec.w3c.W3CHttpResponseCodec.decode(W3CHttpResponseCodec.java:51)
at org.openqa.selenium.remote.HttpCommandExecutor.execute(HttpCommandExecutor.java:191)
at org.openqa.selenium.remote.service.DriverCommandExecutor.invokeExecute(DriverCommandExecutor.java:196)
at org.openqa.selenium.remote.service.DriverCommandExecutor.execute(DriverCommandExecutor.java:171)
at org.openqa.selenium.remote.RemoteWebDriver.execute(RemoteWebDriver.java:531)
at org.openqa.selenium.remote.ElementLocation$ElementFinder$2.findElement(ElementLocation.java:165)
at org.openqa.selenium.remote.ElementLocation.findElement(ElementLocation.java:66)
at org.openqa.selenium.remote.RemoteWebDriver.findElement(RemoteWebDriver.java:350)
at org.openqa.selenium.remote.RemoteWebDriver.findElement(RemoteWebDriver.java:344)
at org.openqa.selenium.support.pagefactory.DefaultElementLocator.findElement(DefaultElementLocator.java:68)
at org.openqa.selenium.support.pagefactory.internal.LocatingElementHandler.invoke(LocatingElementHandler.java:38)
at jdk.proxy2/jdk.proxy2.$Proxy17.clear(Unknown Source)
at automation.pageLocator.LoginPageFactory.LoginFunction(LoginPageFactory.java:31)
at testsuite.editProject.editProjectSuccessfully(editProject.java:34)
at java.base/java.util.ArrayList.forEach(ArrayList.java:1511)
... Removed 32 stack frames]]>
    </failure>
  </testcase> <!-- editProjectSuccessfully -->
  <testcase classname="testsuite.deleteProject" name="deleteProjectSuccessfully" time="0.009">
    <failure type="org.openqa.selenium.NoSuchWindowException" message="no such window: target window already closed
from unknown error: web view not found
  (Session info: MicrosoftEdge=119.0.2151.93)
Build info: version: &amp;apos;4.10.0&amp;apos;, revision: &amp;apos;c14d967899&amp;apos;
System info: os.name: &amp;apos;Windows 10&amp;apos;, os.arch: &amp;apos;amd64&amp;apos;, os.version: &amp;apos;10.0&amp;apos;, java.version: &amp;apos;17.0.8.1&amp;apos;
Driver info: org.openqa.selenium.edge.EdgeDriver
Command: [658e8c5b036a2c9a0ea00d41046f6ad4, findElement {using=id, value=email}]
Capabilities {acceptInsecureCerts: false, browserName: msedge, browserVersion: 119.0.2151.93, fedcm:accounts: true, ms:edgeOptions: {debuggerAddress: localhost:56949}, msedge: {msedgedriverVersion: 119.0.2151.58 (33e26e7eb4fb..., userDataDir: C:\Users\dinhh\AppData\Loca...}, networkConnectionEnabled: false, pageLoadStrategy: normal, platformName: windows, proxy: Proxy(), se:cdp: ws://localhost:56949/devtoo..., se:cdpVersion: 119.0.2151.93, setWindowRect: true, strictFileInteractability: false, timeouts: {implicit: 0, pageLoad: 300000, script: 30000}, unhandledPromptBehavior: dismiss and notify, webauthn:extension:credBlob: true, webauthn:extension:largeBlob: true, webauthn:extension:minPinLength: true, webauthn:extension:prf: true, webauthn:virtualAuthenticators: true}
Session ID: 658e8c5b036a2c9a0ea00d41046f6ad4">
      <![CDATA[org.openqa.selenium.NoSuchWindowException: no such window: target window already closed
from unknown error: web view not found
  (Session info: MicrosoftEdge=119.0.2151.93)
Build info: version: '4.10.0', revision: 'c14d967899'
System info: os.name: 'Windows 10', os.arch: 'amd64', os.version: '10.0', java.version: '17.0.8.1'
Driver info: org.openqa.selenium.edge.EdgeDriver
Command: [658e8c5b036a2c9a0ea00d41046f6ad4, findElement {using=id, value=email}]
Capabilities {acceptInsecureCerts: false, browserName: msedge, browserVersion: 119.0.2151.93, fedcm:accounts: true, ms:edgeOptions: {debuggerAddress: localhost:56949}, msedge: {msedgedriverVersion: 119.0.2151.58 (33e26e7eb4fb..., userDataDir: C:\Users\dinhh\AppData\Loca...}, networkConnectionEnabled: false, pageLoadStrategy: normal, platformName: windows, proxy: Proxy(), se:cdp: ws://localhost:56949/devtoo..., se:cdpVersion: 119.0.2151.93, setWindowRect: true, strictFileInteractability: false, timeouts: {implicit: 0, pageLoad: 300000, script: 30000}, unhandledPromptBehavior: dismiss and notify, webauthn:extension:credBlob: true, webauthn:extension:largeBlob: true, webauthn:extension:minPinLength: true, webauthn:extension:prf: true, webauthn:virtualAuthenticators: true}
Session ID: 658e8c5b036a2c9a0ea00d41046f6ad4
at org.openqa.selenium.remote.codec.w3c.W3CHttpResponseCodec.createException(W3CHttpResponseCodec.java:199)
at org.openqa.selenium.remote.codec.w3c.W3CHttpResponseCodec.decode(W3CHttpResponseCodec.java:132)
at org.openqa.selenium.remote.codec.w3c.W3CHttpResponseCodec.decode(W3CHttpResponseCodec.java:51)
at org.openqa.selenium.remote.HttpCommandExecutor.execute(HttpCommandExecutor.java:191)
at org.openqa.selenium.remote.service.DriverCommandExecutor.invokeExecute(DriverCommandExecutor.java:196)
at org.openqa.selenium.remote.service.DriverCommandExecutor.execute(DriverCommandExecutor.java:171)
at org.openqa.selenium.remote.RemoteWebDriver.execute(RemoteWebDriver.java:531)
at org.openqa.selenium.remote.ElementLocation$ElementFinder$2.findElement(ElementLocation.java:165)
at org.openqa.selenium.remote.ElementLocation.findElement(ElementLocation.java:66)
at org.openqa.selenium.remote.RemoteWebDriver.findElement(RemoteWebDriver.java:350)
at org.openqa.selenium.remote.RemoteWebDriver.findElement(RemoteWebDriver.java:344)
at org.openqa.selenium.support.pagefactory.DefaultElementLocator.findElement(DefaultElementLocator.java:68)
at org.openqa.selenium.support.pagefactory.internal.LocatingElementHandler.invoke(LocatingElementHandler.java:38)
at jdk.proxy2/jdk.proxy2.$Proxy17.clear(Unknown Source)
at automation.pageLocator.LoginPageFactory.LoginFunction(LoginPageFactory.java:31)
at testsuite.deleteProject.deleteProjectSuccessfully(deleteProject.java:27)
at java.base/java.util.ArrayList.forEach(ArrayList.java:1511)
... Removed 32 stack frames]]>
    </failure>
  </testcase> <!-- deleteProjectSuccessfully -->
  <testcase classname="testsuite.screen" name="hideClient" time="0.02">
    <failure type="org.openqa.selenium.NoSuchWindowException" message="no such window: target window already closed
from unknown error: web view not found
  (Session info: MicrosoftEdge=119.0.2151.93)
Build info: version: &amp;apos;4.10.0&amp;apos;, revision: &amp;apos;c14d967899&amp;apos;
System info: os.name: &amp;apos;Windows 10&amp;apos;, os.arch: &amp;apos;amd64&amp;apos;, os.version: &amp;apos;10.0&amp;apos;, java.version: &amp;apos;17.0.8.1&amp;apos;
Driver info: org.openqa.selenium.edge.EdgeDriver
Command: [2fb53829632f1b10764aef4240d29940, findElement {using=id, value=email}]
Capabilities {acceptInsecureCerts: false, browserName: msedge, browserVersion: 119.0.2151.93, fedcm:accounts: true, ms:edgeOptions: {debuggerAddress: localhost:56982}, msedge: {msedgedriverVersion: 119.0.2151.58 (33e26e7eb4fb..., userDataDir: C:\Users\dinhh\AppData\Loca...}, networkConnectionEnabled: false, pageLoadStrategy: normal, platformName: windows, proxy: Proxy(), se:cdp: ws://localhost:56982/devtoo..., se:cdpVersion: 119.0.2151.93, setWindowRect: true, strictFileInteractability: false, timeouts: {implicit: 0, pageLoad: 300000, script: 30000}, unhandledPromptBehavior: dismiss and notify, webauthn:extension:credBlob: true, webauthn:extension:largeBlob: true, webauthn:extension:minPinLength: true, webauthn:extension:prf: true, webauthn:virtualAuthenticators: true}
Session ID: 2fb53829632f1b10764aef4240d29940">
      <![CDATA[org.openqa.selenium.NoSuchWindowException: no such window: target window already closed
from unknown error: web view not found
  (Session info: MicrosoftEdge=119.0.2151.93)
Build info: version: '4.10.0', revision: 'c14d967899'
System info: os.name: 'Windows 10', os.arch: 'amd64', os.version: '10.0', java.version: '17.0.8.1'
Driver info: org.openqa.selenium.edge.EdgeDriver
Command: [2fb53829632f1b10764aef4240d29940, findElement {using=id, value=email}]
Capabilities {acceptInsecureCerts: false, browserName: msedge, browserVersion: 119.0.2151.93, fedcm:accounts: true, ms:edgeOptions: {debuggerAddress: localhost:56982}, msedge: {msedgedriverVersion: 119.0.2151.58 (33e26e7eb4fb..., userDataDir: C:\Users\dinhh\AppData\Loca...}, networkConnectionEnabled: false, pageLoadStrategy: normal, platformName: windows, proxy: Proxy(), se:cdp: ws://localhost:56982/devtoo..., se:cdpVersion: 119.0.2151.93, setWindowRect: true, strictFileInteractability: false, timeouts: {implicit: 0, pageLoad: 300000, script: 30000}, unhandledPromptBehavior: dismiss and notify, webauthn:extension:credBlob: true, webauthn:extension:largeBlob: true, webauthn:extension:minPinLength: true, webauthn:extension:prf: true, webauthn:virtualAuthenticators: true}
Session ID: 2fb53829632f1b10764aef4240d29940
at org.openqa.selenium.remote.codec.w3c.W3CHttpResponseCodec.createException(W3CHttpResponseCodec.java:199)
at org.openqa.selenium.remote.codec.w3c.W3CHttpResponseCodec.decode(W3CHttpResponseCodec.java:132)
at org.openqa.selenium.remote.codec.w3c.W3CHttpResponseCodec.decode(W3CHttpResponseCodec.java:51)
at org.openqa.selenium.remote.HttpCommandExecutor.execute(HttpCommandExecutor.java:191)
at org.openqa.selenium.remote.service.DriverCommandExecutor.invokeExecute(DriverCommandExecutor.java:196)
at org.openqa.selenium.remote.service.DriverCommandExecutor.execute(DriverCommandExecutor.java:171)
at org.openqa.selenium.remote.RemoteWebDriver.execute(RemoteWebDriver.java:531)
at org.openqa.selenium.remote.ElementLocation$ElementFinder$2.findElement(ElementLocation.java:165)
at org.openqa.selenium.remote.ElementLocation.findElement(ElementLocation.java:66)
at org.openqa.selenium.remote.RemoteWebDriver.findElement(RemoteWebDriver.java:350)
at org.openqa.selenium.remote.RemoteWebDriver.findElement(RemoteWebDriver.java:344)
at org.openqa.selenium.support.pagefactory.DefaultElementLocator.findElement(DefaultElementLocator.java:68)
at org.openqa.selenium.support.pagefactory.internal.LocatingElementHandler.invoke(LocatingElementHandler.java:38)
at jdk.proxy2/jdk.proxy2.$Proxy17.clear(Unknown Source)
at automation.pageLocator.LoginPageFactory.LoginFunction(LoginPageFactory.java:31)
at testsuite.screen.hideClient(screen.java:29)
at java.base/java.util.ArrayList.forEach(ArrayList.java:1511)
... Removed 32 stack frames]]>
    </failure>
  </testcase> <!-- hideClient -->
  <testcase classname="testsuite.screen" name="hideClientPriceStartdate" time="0.0">
    <skipped/>
  </testcase> <!-- hideClientPriceStartdate -->
  <testcase classname="testsuite.filterProject" name="filterCompletedProductBySelectBox" time="0.006">
    <failure type="org.openqa.selenium.NoSuchWindowException" message="no such window: target window already closed
from unknown error: web view not found
  (Session info: MicrosoftEdge=119.0.2151.93)
Build info: version: &amp;apos;4.10.0&amp;apos;, revision: &amp;apos;c14d967899&amp;apos;
System info: os.name: &amp;apos;Windows 10&amp;apos;, os.arch: &amp;apos;amd64&amp;apos;, os.version: &amp;apos;10.0&amp;apos;, java.version: &amp;apos;17.0.8.1&amp;apos;
Driver info: org.openqa.selenium.edge.EdgeDriver
Command: [f0d49daaab79786b30ce7060b4a1a92f, findElement {using=id, value=email}]
Capabilities {acceptInsecureCerts: false, browserName: msedge, browserVersion: 119.0.2151.93, fedcm:accounts: true, ms:edgeOptions: {debuggerAddress: localhost:57015}, msedge: {msedgedriverVersion: 119.0.2151.58 (33e26e7eb4fb..., userDataDir: C:\Users\dinhh\AppData\Loca...}, networkConnectionEnabled: false, pageLoadStrategy: normal, platformName: windows, proxy: Proxy(), se:cdp: ws://localhost:57015/devtoo..., se:cdpVersion: 119.0.2151.93, setWindowRect: true, strictFileInteractability: false, timeouts: {implicit: 0, pageLoad: 300000, script: 30000}, unhandledPromptBehavior: dismiss and notify, webauthn:extension:credBlob: true, webauthn:extension:largeBlob: true, webauthn:extension:minPinLength: true, webauthn:extension:prf: true, webauthn:virtualAuthenticators: true}
Session ID: f0d49daaab79786b30ce7060b4a1a92f">
      <![CDATA[org.openqa.selenium.NoSuchWindowException: no such window: target window already closed
from unknown error: web view not found
  (Session info: MicrosoftEdge=119.0.2151.93)
Build info: version: '4.10.0', revision: 'c14d967899'
System info: os.name: 'Windows 10', os.arch: 'amd64', os.version: '10.0', java.version: '17.0.8.1'
Driver info: org.openqa.selenium.edge.EdgeDriver
Command: [f0d49daaab79786b30ce7060b4a1a92f, findElement {using=id, value=email}]
Capabilities {acceptInsecureCerts: false, browserName: msedge, browserVersion: 119.0.2151.93, fedcm:accounts: true, ms:edgeOptions: {debuggerAddress: localhost:57015}, msedge: {msedgedriverVersion: 119.0.2151.58 (33e26e7eb4fb..., userDataDir: C:\Users\dinhh\AppData\Loca...}, networkConnectionEnabled: false, pageLoadStrategy: normal, platformName: windows, proxy: Proxy(), se:cdp: ws://localhost:57015/devtoo..., se:cdpVersion: 119.0.2151.93, setWindowRect: true, strictFileInteractability: false, timeouts: {implicit: 0, pageLoad: 300000, script: 30000}, unhandledPromptBehavior: dismiss and notify, webauthn:extension:credBlob: true, webauthn:extension:largeBlob: true, webauthn:extension:minPinLength: true, webauthn:extension:prf: true, webauthn:virtualAuthenticators: true}
Session ID: f0d49daaab79786b30ce7060b4a1a92f
at org.openqa.selenium.remote.codec.w3c.W3CHttpResponseCodec.createException(W3CHttpResponseCodec.java:199)
at org.openqa.selenium.remote.codec.w3c.W3CHttpResponseCodec.decode(W3CHttpResponseCodec.java:132)
at org.openqa.selenium.remote.codec.w3c.W3CHttpResponseCodec.decode(W3CHttpResponseCodec.java:51)
at org.openqa.selenium.remote.HttpCommandExecutor.execute(HttpCommandExecutor.java:191)
at org.openqa.selenium.remote.service.DriverCommandExecutor.invokeExecute(DriverCommandExecutor.java:196)
at org.openqa.selenium.remote.service.DriverCommandExecutor.execute(DriverCommandExecutor.java:171)
at org.openqa.selenium.remote.RemoteWebDriver.execute(RemoteWebDriver.java:531)
at org.openqa.selenium.remote.ElementLocation$ElementFinder$2.findElement(ElementLocation.java:165)
at org.openqa.selenium.remote.ElementLocation.findElement(ElementLocation.java:66)
at org.openqa.selenium.remote.RemoteWebDriver.findElement(RemoteWebDriver.java:350)
at org.openqa.selenium.remote.RemoteWebDriver.findElement(RemoteWebDriver.java:344)
at org.openqa.selenium.support.pagefactory.DefaultElementLocator.findElement(DefaultElementLocator.java:68)
at org.openqa.selenium.support.pagefactory.internal.LocatingElementHandler.invoke(LocatingElementHandler.java:38)
at jdk.proxy2/jdk.proxy2.$Proxy17.clear(Unknown Source)
at automation.pageLocator.LoginPageFactory.LoginFunction(LoginPageFactory.java:31)
at testsuite.filterProject.filterCompletedProductBySelectBox(filterProject.java:32)
at java.base/java.util.ArrayList.forEach(ArrayList.java:1511)
... Removed 32 stack frames]]>
    </failure>
  </testcase> <!-- filterCompletedProductBySelectBox -->
  <testcase classname="testsuite.filterProject" name="filterLableHighPriorityProductBySelectBox" time="0.0">
    <skipped/>
  </testcase> <!-- filterLableHighPriorityProductBySelectBox -->
  <testcase classname="testsuite.filterProject" name="filterOpenProductBySelectBox" time="0.001">
    <skipped/>
  </testcase> <!-- filterOpenProductBySelectBox -->
  <testcase classname="testsuite.filterProject" name="filterUpcomingProductBySelectBox" time="0.0">
    <skipped/>
  </testcase> <!-- filterUpcomingProductBySelectBox -->
  <testcase classname="testsuite.filterProject" name="filterCompletedProductByButton" time="0.0">
    <skipped/>
  </testcase> <!-- filterCompletedProductByButton -->
  <testcase classname="testsuite.filterProject" name="filterHighPriorityProductByButton" time="0.0">
    <skipped/>
  </testcase> <!-- filterHighPriorityProductByButton -->
  <testcase classname="testsuite.filterProject" name="filterOpenProductByButton" time="0.0">
    <skipped/>
  </testcase> <!-- filterOpenProductByButton -->
  <testcase classname="testsuite.filterProject" name="filterUpcomingProductByButton" time="0.001">
    <skipped/>
  </testcase> <!-- filterUpcomingProductByButton -->
  <testcase classname="testsuite.filterProject" name="filterManyConditionsProductByFilterForm" time="0.0">
    <skipped/>
  </testcase> <!-- filterManyConditionsProductByFilterForm -->
  <testcase classname="testsuite.filterProject" name="clearFilterProductBy" time="0.0">
    <skipped/>
  </testcase> <!-- clearFilterProductBy -->
</testsuite> <!-- Regression with edge -->
